This is XeTeX, Version 3.141592653-2.6-0.999995 (TeX Live 2023/Debian) (preloaded format=xelatex 2024.5.4)  12 JUL 2024 19:43
entering extended mode
 restricted \write18 enabled.
 %&-line parsing enabled.
**Q6.tex
(./Q6.tex
LaTeX2e <2023-11-01> patch level 1
L3 programming layer <2024-01-22>
)
! Emergency stop.
<*> Q6.tex
          
*** (job aborted, no legal \end found)

 
Here is how much of TeX's memory you used:
 15 strings out of 474878
 277 string characters out of 5762517
 1915627 words of memory out of 5000000
 22163 multiletter control sequences out of 15000+600000
 558069 words of font info for 36 fonts, out of 8000000 for 9000
 1348 hyphenation exceptions out of 8191
 11i,0n,13p,434b,8s stack positions out of 10000i,1000n,20000p,200000b,200000s
No pages of output.
